<?xml version="1.0" encoding="UTF-8"?>
<!-- Generated by org.testng.reporters.JUnitReportReporter -->
<testsuite hostname="DESKTOP-30A8D96" failures="0" tests="1" name="sample_maven.Calendar" time="0.014" errors="0" timestamp="2023-08-16T12:33:58 IST" skipped="0">
  <testcase classname="sample_maven.Calendar" name="createTodo" time="0.014"/>
  <system-out/>
</testsuite> <!-- sample_maven.Calendar -->
