<?xml version="1.0" encoding="UTF-8"?>
<!-- Generated by org.testng.reporters.JUnitReportReporter -->
<testsuite hostname="DESKTOP-30A8D96" failures="0" tests="1" name="sample_maven.DeleteCalendar" time="0.002" errors="0" timestamp="2023-08-16T12:33:58 IST" skipped="0">
  <testcase classname="sample_maven.DeleteCalendar" name="deleteTodo" time="0.002"/>
  <system-out/>
</testsuite> <!-- sample_maven.DeleteCalendar -->
